[debug] [2020-10-27T01:25:59.742Z] ----------------------------------------------------------------------
[debug] [2020-10-27T01:25:59.744Z] Command:       C:\Program Files\nodejs\node.exe C:\Users\Administrator\AppData\Roaming\npm\node_modules\firebase-tools\lib\bin\firebase.js init
[debug] [2020-10-27T01:25:59.744Z] CLI Version:   8.10.0
[debug] [2020-10-27T01:25:59.744Z] Platform:      win32
[debug] [2020-10-27T01:25:59.744Z] Node Version:  v12.18.3
[debug] [2020-10-27T01:25:59.745Z] Time:          Mon Oct 26 2020 21:25:59 GMT-0400 (Eastern Daylight Time)
[debug] [2020-10-27T01:25:59.745Z] ----------------------------------------------------------------------
[debug] [2020-10-27T01:25:59.745Z] 
[debug] [2020-10-27T01:25:59.754Z] > command requires scopes: ["email","openid","https://www.googleapis.com/auth/cloudplatformprojects.readonly","https://www.googleapis.com/auth/firebase","https://www.googleapis.com/auth/cloud-platform"]
[debug] [2020-10-27T01:25:59.755Z] > authorizing via signed-in user
[info] 
     ######## #### ########  ######## ########     ###     ######  ########
     ##        ##  ##     ## ##       ##     ##  ##   ##  ##       ##
     ######    ##  ########  ######   ########  #########  ######  ######
     ##        ##  ##    ##  ##       ##     ## ##     ##       ## ##
     ##       #### ##     ## ######## ########  ##     ##  ######  ########

You're about to initialize a Firebase project in this directory:

  C:\Users\Administrator\Documents\GitHub\CSSE280-FinalProject

[info] 
=== Project Setup
[info] 
[info] First, let's associate this project directory with a Firebase project.
[info] You can create multiple project aliases by running firebase use --add, 
[info] but for now we'll just set up a default project.
[info] 
